*** Using Compiler 'V6.24', folder: 'C:\Users\liuch\AppData\Local\Keil_v5\ARM\ARMCC2\Bin'
Rebuild target 'R1_LightBoard_V3'
compiling usart.c...
compiling fdcan.c...
compiling dma.c...
compiling stm32g4xx_hal_rcc_ex.c...
compiling stm32g4xx_hal.c...
compiling stm32g4xx_it.c...
compiling stm32g4xx_hal_flash.c...
compiling gpio.c...
compiling stm32g4xx_hal_rcc.c...
compiling stm32g4xx_hal_msp.c...
compiling tim.c...
compiling main.c...
assembling startup_stm32g474xx.s...
compiling stm32g4xx_hal_flash_ex.c...
compiling stm32g4xx_hal_fdcan.c...
compiling stm32g4xx_hal_flash_ramfunc.c...
compiling stm32g4xx_hal_gpio.c...
compiling stm32g4xx_hal_exti.c...
compiling stm32g4xx_hal_dma.c...
compiling stm32g4xx_hal_dma_ex.c...
compiling stm32g4xx_hal_pwr.c...
compiling stm32g4xx_hal_pwr_ex.c...
compiling system_stm32g4xx.c...
compiling WS2812.c...
compiling stm32g4xx_hal_cortex.c...
compiling Key_bsp.c...
compiling stm32g4xx_hal_uart_ex.c...
compiling Color.c...
compiling HeartBeat.c...
compiling FDcan_bsp.c...
compiling stm32g4xx_hal_tim_ex.c...
compiling stm32g4xx_hal_uart.c...
compiling stm32g4xx_hal_tim.c...
linking...
Program Size: Code=31432 RO-data=764 RW-data=52 ZI-data=5676  
FromELF: creating hex file...
"R1_LightBoard_V3\R1_LightBoard_V3.axf" - 0 Error(s), 0 Warning(s).
Build Time Elapsed:  00:00:03
